<?xml version="1.0" encoding="UTF-8"?>
<testng-results skipped="0" failed="1" ignored="0" total="3" passed="2">
  <reporter-output>
  </reporter-output>
  <suite name="Default suite" duration-ms="16258" started-at="2020-06-05T18:08:38 IST" finished-at="2020-06-05T18:08:54 IST">
    <groups>
    </groups>
    <test name="Default test" duration-ms="16258" started-at="2020-06-05T18:08:38 IST" finished-at="2020-06-05T18:08:54 IST">
      <class name="com.mytest.NotepadTest">
        <test-method status="PASS" signature="setUp()[pri:0, instance:com.mytest.NotepadTest@1f7030a6]" name="setUp" is-config="true" duration-ms="1636" started-at="2020-06-05T18:08:38 IST" finished-at="2020-06-05T18:08:39 IST">
          <reporter-output>
          </reporter-output>
        </test-method> <!-- setUp -->
        <test-method status="PASS" signature="checkHelpButtonOnNotepadTest()[pri:1, instance:com.mytest.NotepadTest@1f7030a6]" name="checkHelpButtonOnNotepadTest" duration-ms="896" started-at="2020-06-05T18:08:39 IST" finished-at="2020-06-05T18:08:40 IST">
          <reporter-output>
          </reporter-output>
        </test-method> <!-- checkHelpButtonOnNotepadTest -->
        <test-method status="PASS" signature="cleanUp()[pri:0, instance:com.mytest.NotepadTest@1f7030a6]" name="cleanUp" is-config="true" duration-ms="398" started-at="2020-06-05T18:08:40 IST" finished-at="2020-06-05T18:08:41 IST">
          <reporter-output>
          </reporter-output>
        </test-method> <!-- cleanUp -->
        <test-method status="PASS" signature="sendTextOnEditorTest()[pri:2, instance:com.mytest.NotepadTest@1f7030a6]" name="sendTextOnEditorTest" duration-ms="1426" started-at="2020-06-05T18:08:41 IST" finished-at="2020-06-05T18:08:42 IST">
          <reporter-output>
          </reporter-output>
        </test-method> <!-- sendTextOnEditorTest -->
        <test-method status="PASS" signature="cleanUp()[pri:0, instance:com.mytest.NotepadTest@1f7030a6]" name="cleanUp" is-config="true" duration-ms="385" started-at="2020-06-05T18:08:42 IST" finished-at="2020-06-05T18:08:43 IST">
          <reporter-output>
          </reporter-output>
        </test-method> <!-- cleanUp -->
        <test-method status="FAIL" signature="enterTimeAndDateTest()[pri:3, instance:com.mytest.NotepadTest@1f7030a6]" name="enterTimeAndDateTest" duration-ms="6029" started-at="2020-06-05T18:08:43 IST" finished-at="2020-06-05T18:08:49 IST">
          <exception class="org.openqa.selenium.NoSuchElementException">
            <message>
              <![CDATA[An element could not be located on the page using the given search parameters. (WARNING: The server did not provide any stacktrace information)
Command duration or timeout: 0 milliseconds
For documentation on this error, please visit: https://www.seleniumhq.org/exceptions/no_such_element.html
Build info: version: '3.141.59', revision: 'e82be7d358', time: '2018-11-14T08:17:03'
System info: host: 'DESKTOP-K9KL98S', ip: '192.168.99.1', os.name: 'Windows 10', os.arch: 'amd64', os.version: '10.0', java.version: '1.8.0_241'
Driver info: io.appium.java_client.windows.WindowsDriver
Capabilities {app: C:\Windows\System32\notepad..., javascriptEnabled: true, platform: WINDOWS, platformName: windows}
Session ID: 5A40B166-C57C-4050-AAC3-2D409D0ACB56
*** Element info: {Using=name, value=Text Editor}]]>
            </message>
            <full-stacktrace>
              <![CDATA[org.openqa.selenium.NoSuchElementException: An element could not be located on the page using the given search parameters. (WARNING: The server did not provide any stacktrace information)
Command duration or timeout: 0 milliseconds
For documentation on this error, please visit: https://www.seleniumhq.org/exceptions/no_such_element.html
Build info: version: '3.141.59', revision: 'e82be7d358', time: '2018-11-14T08:17:03'
System info: host: 'DESKTOP-K9KL98S', ip: '192.168.99.1', os.name: 'Windows 10', os.arch: 'amd64', os.version: '10.0', java.version: '1.8.0_241'
Driver info: io.appium.java_client.windows.WindowsDriver
Capabilities {app: C:\Windows\System32\notepad..., javascriptEnabled: true, platform: WINDOWS, platformName: windows}
Session ID: 5A40B166-C57C-4050-AAC3-2D409D0ACB56
*** Element info: {Using=name, value=Text Editor}
at sun.reflect.NativeConstructorAccessorImpl.newInstance0(Native Method)
at sun.reflect.NativeConstructorAccessorImpl.newInstance(Unknown Source)
at sun.reflect.DelegatingConstructorAccessorImpl.newInstance(Unknown Source)
at java.lang.reflect.Constructor.newInstance(Unknown Source)
at org.openqa.selenium.remote.ErrorHandler.createThrowable(ErrorHandler.java:214)
at org.openqa.selenium.remote.ErrorHandler.throwIfResponseFailed(ErrorHandler.java:166)
at org.openqa.selenium.remote.http.JsonHttpResponseCodec.reconstructValue(JsonHttpResponseCodec.java:40)
at org.openqa.selenium.remote.http.AbstractHttpResponseCodec.decode(AbstractHttpResponseCodec.java:80)
at org.openqa.selenium.remote.http.AbstractHttpResponseCodec.decode(AbstractHttpResponseCodec.java:44)
at org.openqa.selenium.remote.HttpCommandExecutor.execute(HttpCommandExecutor.java:158)
at io.appium.java_client.remote.AppiumCommandExecutor.execute(AppiumCommandExecutor.java:239)
at org.openqa.selenium.remote.RemoteWebDriver.execute(RemoteWebDriver.java:552)
at io.appium.java_client.DefaultGenericMobileDriver.execute(DefaultGenericMobileDriver.java:41)
at io.appium.java_client.AppiumDriver.execute(AppiumDriver.java:1)
at io.appium.java_client.windows.WindowsDriver.execute(WindowsDriver.java:1)
at org.openqa.selenium.remote.RemoteWebDriver.findElement(RemoteWebDriver.java:323)
at io.appium.java_client.DefaultGenericMobileDriver.findElement(DefaultGenericMobileDriver.java:61)
at io.appium.java_client.AppiumDriver.findElement(AppiumDriver.java:1)
at io.appium.java_client.windows.WindowsDriver.findElement(WindowsDriver.java:1)
at org.openqa.selenium.remote.RemoteWebDriver.findElementByName(RemoteWebDriver.java:404)
at io.appium.java_client.DefaultGenericMobileDriver.findElementByName(DefaultGenericMobileDriver.java:117)
at io.appium.java_client.AppiumDriver.findElementByName(AppiumDriver.java:1)
at io.appium.java_client.windows.WindowsDriver.findElementByName(WindowsDriver.java:1)
at com.mytest.NotepadTest.enterTimeAndDateTest(NotepadTest.java:69)
at sun.reflect.NativeMethodAccessorImpl.invoke0(Native Method)
at sun.reflect.NativeMethodAccessorImpl.invoke(Unknown Source)
at sun.reflect.DelegatingMethodAccessorImpl.invoke(Unknown Source)
at java.lang.reflect.Method.invoke(Unknown Source)
at org.testng.internal.MethodInvocationHelper.invokeMethod(MethodInvocationHelper.java:135)
at org.testng.internal.TestInvoker.invokeMethod(TestInvoker.java:598)
at org.testng.internal.TestInvoker.invokeTestMethod(TestInvoker.java:174)
at org.testng.internal.MethodRunner.runInSequence(MethodRunner.java:46)
at org.testng.internal.TestInvoker$MethodInvocationAgent.invoke(TestInvoker.java:821)
at org.testng.internal.TestInvoker.invokeTestMethods(TestInvoker.java:147)
at org.testng.internal.TestMethodWorker.invokeTestMethods(TestMethodWorker.java:146)
at org.testng.internal.TestMethodWorker.run(TestMethodWorker.java:128)
at java.util.ArrayList.forEach(Unknown Source)
at org.testng.TestRunner.privateRun(TestRunner.java:767)
at org.testng.TestRunner.run(TestRunner.java:588)
at org.testng.SuiteRunner.runTest(SuiteRunner.java:384)
at org.testng.SuiteRunner.runSequentially(SuiteRunner.java:378)
at org.testng.SuiteRunner.privateRun(SuiteRunner.java:337)
at org.testng.SuiteRunner.run(SuiteRunner.java:286)
at org.testng.SuiteRunnerWorker.runSuite(SuiteRunnerWorker.java:53)
at org.testng.SuiteRunnerWorker.run(SuiteRunnerWorker.java:96)
at org.testng.TestNG.runSuitesSequentially(TestNG.java:1214)
at org.testng.TestNG.runSuitesLocally(TestNG.java:1136)
at org.testng.TestNG.runSuites(TestNG.java:1066)
at org.testng.TestNG.run(TestNG.java:1034)
at org.testng.remote.AbstractRemoteTestNG.run(AbstractRemoteTestNG.java:115)
at org.testng.remote.RemoteTestNG.initAndRun(RemoteTestNG.java:251)
at org.testng.remote.RemoteTestNG.main(RemoteTestNG.java:77)
]]>
            </full-stacktrace>
          </exception> <!-- org.openqa.selenium.NoSuchElementException -->
          <reporter-output>
          </reporter-output>
        </test-method> <!-- enterTimeAndDateTest -->
        <test-method status="PASS" signature="cleanUp()[pri:0, instance:com.mytest.NotepadTest@1f7030a6]" name="cleanUp" is-config="true" duration-ms="5406" started-at="2020-06-05T18:08:49 IST" finished-at="2020-06-05T18:08:54 IST">
          <reporter-output>
          </reporter-output>
        </test-method> <!-- cleanUp -->
        <test-method status="PASS" signature="tearDown()[pri:0, instance:com.mytest.NotepadTest@1f7030a6]" name="tearDown" is-config="true" duration-ms="38" started-at="2020-06-05T18:08:54 IST" finished-at="2020-06-05T18:08:54 IST">
          <reporter-output>
          </reporter-output>
        </test-method> <!-- tearDown -->
      </class> <!-- com.mytest.NotepadTest -->
    </test> <!-- Default test -->
  </suite> <!-- Default suite -->
</testng-results>
